<?xml version="1.0" encoding="UTF-8" ?>
<testsuite tests="9" failures="0" name="kr.co.linkhub.auth.test.TokenBuilder_Test" time="0.918" errors="1" skipped="0">
  <properties>
[...]
</properties>
  <testcase classname="kr.co.linkhub.auth.test.TokenBuilder_Test" name="GetInterest_TEST" time="0.003"/>
  <testcase classname="kr.co.linkhub.auth.test.TokenBuilder_Test" name="Build_Fail_Test" time="0.528"/>
  <testcase classname="kr.co.linkhub.auth.test.TokenBuilder_Test" name="Build_Success_Test" time="0.076"/>
  <testcase classname="kr.co.linkhub.auth.test.TokenBuilder_Test" name="GetPartnerBalance_Success_Test" time="0.076"/>
  <testcase classname="kr.co.linkhub.auth.test.TokenBuilder_Test" name="GetTime_Success_Test" time="0.052"/>
  <testcase classname="kr.co.linkhub.auth.test.TokenBuilder_Test" name="GetBalance_Success_Test" time="0.069"/>
  <testcase classname="kr.co.linkhub.auth.test.TokenBuilder_Test" name="Build_Partner_Success_Test" time="0.03">
    <error message="서비스정보가 존재하지 않습니다." type="kr.co.linkhub.auth.LinkhubException">kr.co.linkhub.auth.LinkhubException: 서비스정보가 존재하지 않습니다.
	at kr.co.linkhub.auth.TokenBuilder.build(TokenBuilder.java:296)
	at kr.co.linkhub.auth.TokenBuilder.build(TokenBuilder.java:154)
	at kr.co.linkhub.auth.test.TokenBuilder_Test.Build_Partner_Success_Test(TokenBuilder_Test.java:56)
	at sun.reflect.NativeMethodAccessorImpl.invoke0(Native Method)
	at sun.reflect.NativeMethodAccessorImpl.invoke(NativeMethodAccessorImpl.java:62)
	at sun.reflect.DelegatingMethodAccessorImpl.invoke(DelegatingMethodAccessorImpl.java:43)
	at java.lang.reflect.Method.invoke(Method.java:498)
	at org.junit.runners.model.FrameworkMethod$1.runReflectiveCall(FrameworkMethod.java:44)
	at org.junit.internal.runners.model.ReflectiveCallable.run(ReflectiveCallable.java:15)
	at org.junit.runners.model.FrameworkMethod.invokeExplosively(FrameworkMethod.java:41)
	at org.junit.internal.runners.statements.InvokeMethod.evaluate(InvokeMethod.java:20)
	at org.junit.runners.BlockJUnit4ClassRunner.runChild(BlockJUnit4ClassRunner.java:76)
	at org.junit.runners.BlockJUnit4ClassRunner.runChild(BlockJUnit4ClassRunner.java:50)
	at org.junit.runners.ParentRunner$3.run(ParentRunner.java:193)
	at org.junit.runners.ParentRunner$1.schedule(ParentRunner.java:52)
	at org.junit.runners.ParentRunner.runChildren(ParentRunner.java:191)
	at org.junit.runners.ParentRunner.access$000(ParentRunner.java:42)
	at org.junit.runners.ParentRunner$2.evaluate(ParentRunner.java:184)
	at org.junit.runners.ParentRunner.run(ParentRunner.java:236)
	at org.apache.maven.surefire.junit4.JUnit4Provider.execute(JUnit4Provider.java:252)
	at org.apache.maven.surefire.junit4.JUnit4Provider.executeTestSet(JUnit4Provider.java:141)
	at org.apache.maven.surefire.junit4.JUnit4Provider.invoke(JUnit4Provider.java:112)
	at sun.reflect.NativeMethodAccessorImpl.invoke0(Native Method)
	at sun.reflect.NativeMethodAccessorImpl.invoke(NativeMethodAccessorImpl.java:62)
	at sun.reflect.DelegatingMethodAccessorImpl.invoke(DelegatingMethodAccessorImpl.java:43)
	at java.lang.reflect.Method.invoke(Method.java:498)
	at org.apache.maven.surefire.util.ReflectionUtils.invokeMethodWithArray(ReflectionUtils.java:189)
	at org.apache.maven.surefire.booter.ProviderFactory$ProviderProxy.invoke(ProviderFactory.java:165)
	at org.apache.maven.surefire.booter.ProviderFactory.invokeProvider(ProviderFactory.java:85)
	at org.apache.maven.surefire.booter.ForkedBooter.runSuitesInProcess(ForkedBooter.java:115)
	at org.apache.maven.surefire.booter.ForkedBooter.main(ForkedBooter.java:75)
</error>
  </testcase>
  <testcase classname="kr.co.linkhub.auth.test.TokenBuilder_Test" name="GetLocalTime_Success_Test" time="0.005"/>
  <testcase classname="kr.co.linkhub.auth.test.TokenBuilder_Test" name="GetPartnerURL_Success_Test" time="0.079"/>
</testsuite>